<?xml version="1.0" encoding="UTF-8"?>
<!-- Generated by org.testng.reporters.JUnitReportReporter -->
<testsuite hostname="Jithu" name="com.boral.qa.testcases.LoginTestcases" tests="7" failures="0" timestamp="22 Feb 2020 10:17:19 GMT" time="141.642" errors="0">
  <testcase name="WrongPasswordTest" time="19.322" classname="com.boral.qa.testcases.LoginTestcases"/>
  <testcase name="WrongUsernameTest" time="18.394" classname="com.boral.qa.testcases.LoginTestcases"/>
  <testcase name="LoginTest" time="26.104" classname="com.boral.qa.testcases.LoginTestcases"/>
  <testcase name="BlankUsernameTest" time="16.192" classname="com.boral.qa.testcases.LoginTestcases"/>
  <testcase name="BlankPasswordTest" time="18.237" classname="com.boral.qa.testcases.LoginTestcases"/>
  <testcase name="LoginTest" time="27.568" classname="com.boral.qa.testcases.LoginTestcases"/>
  <testcase name="BlankCredTest" time="15.825" classname="com.boral.qa.testcases.LoginTestcases"/>
</testsuite> <!-- com.boral.qa.testcases.LoginTestcases -->
